<?xml version="1.0" encoding="UTF-8"?>
<!-- Generated by org.testng.reporters.JUnitXMLReporter -->
<testsuite ignored="1" hostname="DESKTOP-E4BR854" failures="1" tests="2" name="Default test(failed)" time="0.103" errors="0" timestamp="2021-12-02T00:33:11 IST">
  <testcase classname="testngRerun.TestngtestrerunDemo" name="test3" time="0.017"/>
  <testcase classname="testngRerun.TestngtestrerunDemo" name="test2" time="0.006">
    <failure type="java.lang.AssertionError" message="expected [true] but found [false]">
      <![CDATA[java.lang.AssertionError: expected [true] but found [false]
at testngRerun.TestngtestrerunDemo.test2(TestngtestrerunDemo.java:20)
at java.base/java.util.ArrayList.forEach(ArrayList.java:1507)
... Removed 31 stack frames]]>
    </failure>
  </testcase> <!-- test2 -->
  <testcase classname="testngRerun.TestngtestrerunDemo" name="test1" time="0.0">
    <ignored/>
  </testcase> <!-- test1 -->
</testsuite> <!-- Default test(failed) -->
