<?xml version="1.0" encoding="UTF-8"?>
<!-- Generated by org.testng.reporters.JUnitXMLReporter -->
<testsuite ignored="0" hostname="DESKTOP-E4BR854" failures="0" tests="1" name="Testonfirefox" time="0.609" errors="0" timestamp="2021-12-01T15:21:54 IST">
  <testcase classname="testNgMultiBrowser.MultiBrowserDemo" name="@BeforeTest setUp" time="0.25">
    <failure type="java.lang.IllegalStateException" message="The driver executable must exist: C:\Users\anupr\eclipse-workspace\SeleniumFrameWork\driver\chromedriver_win32\internetexplorerdriver.exe">
      <![CDATA[java.lang.IllegalStateException: The driver executable must exist: C:\Users\anupr\eclipse-workspace\SeleniumFrameWork\driver\chromedriver_win32\internetexplorerdriver.exe
at org.openqa.selenium.internal.Require$FileStateChecker.isFile(Require.java:315)
at org.openqa.selenium.remote.service.DriverService.checkExecutable(DriverService.java:144)
at org.openqa.selenium.remote.service.DriverService.findExecutable(DriverService.java:139)
at org.openqa.selenium.ie.InternetExplorerDriverService.access$000(InternetExplorerDriverService.java:38)
at org.openqa.selenium.ie.InternetExplorerDriverService$Builder.findDefaultExecutable(InternetExplorerDriverService.java:170)
at org.openqa.selenium.remote.service.DriverService$Builder.build(DriverService.java:434)
at org.openqa.selenium.ie.InternetExplorerDriver.setupService(InternetExplorerDriver.java:245)
at org.openqa.selenium.ie.InternetExplorerDriver.<init>(InternetExplorerDriver.java:176)
at org.openqa.selenium.ie.InternetExplorerDriver.<init>(InternetExplorerDriver.java:142)
at testNgMultiBrowser.MultiBrowserDemo.setUp(MultiBrowserDemo.java:42)
at java.base/java.util.concurrent.FutureTask.run(FutureTask.java:264)
at java.base/java.util.concurrent.ThreadPoolExecutor.runWorker(ThreadPoolExecutor.java:1128)
at java.base/java.util.concurrent.ThreadPoolExecutor$Worker.run(ThreadPoolExecutor.java:628)
at java.base/java.lang.Thread.run(Thread.java:830)
... Removed 15 stack frames]]>
    </failure>
  </testcase> <!-- @BeforeTest setUp -->
  <testcase classname="testNgMultiBrowser.MultiBrowserDemo" name="@BeforeTest setUp" time="0.348">
    <failure type="java.lang.IllegalStateException" message="The driver executable must exist: C:\Users\anupr\eclipse-workspace\SeleniumFrameWork\driver\chromedriver_win32\firefoxdriver.exe">
      <![CDATA[java.lang.IllegalStateException: The driver executable must exist: C:\Users\anupr\eclipse-workspace\SeleniumFrameWork\driver\chromedriver_win32\firefoxdriver.exe
at org.openqa.selenium.internal.Require$FileStateChecker.isFile(Require.java:315)
at org.openqa.selenium.remote.service.DriverService.checkExecutable(DriverService.java:144)
at org.openqa.selenium.remote.service.DriverService.findExecutable(DriverService.java:139)
at org.openqa.selenium.firefox.GeckoDriverService.access$100(GeckoDriverService.java:44)
at org.openqa.selenium.firefox.GeckoDriverService$Builder.findDefaultExecutable(GeckoDriverService.java:185)
at org.openqa.selenium.remote.service.DriverService$Builder.build(DriverService.java:434)
at org.openqa.selenium.firefox.FirefoxDriver.toExecutor(FirefoxDriver.java:232)
at org.openqa.selenium.firefox.FirefoxDriver.<init>(FirefoxDriver.java:186)
at org.openqa.selenium.firefox.FirefoxDriver.<init>(FirefoxDriver.java:164)
at testNgMultiBrowser.MultiBrowserDemo.setUp(MultiBrowserDemo.java:37)
at java.base/java.util.concurrent.FutureTask.run(FutureTask.java:264)
at java.base/java.util.concurrent.ThreadPoolExecutor.runWorker(ThreadPoolExecutor.java:1128)
at java.base/java.util.concurrent.ThreadPoolExecutor$Worker.run(ThreadPoolExecutor.java:628)
at java.base/java.lang.Thread.run(Thread.java:830)
... Removed 15 stack frames]]>
    </failure>
  </testcase> <!-- @BeforeTest setUp -->
  <testcase classname="testNgMultiBrowser.MultiBrowserDemo" name="@AfterTest tearDown" time="-1.638352314025E9">
    <skipped/>
  </testcase> <!-- @AfterTest tearDown -->
  <testcase classname="testNgMultiBrowser.MultiBrowserDemo" name="@AfterTest tearDown" time="-1.63835231403E9">
    <skipped/>
  </testcase> <!-- @AfterTest tearDown -->
  <testcase classname="testNgMultiBrowser.MultiBrowserDemo" name="test1" time="0.0">
    <skipped/>
  </testcase> <!-- test1 -->
</testsuite> <!-- Testonfirefox -->
