<?xml version="1.0" encoding="UTF-8"?>
<!-- Generated by org.testng.reporters.JUnitXMLReporter -->
<testsuite ignored="4" hostname="DESKTOP-E4BR854" failures="0" tests="0" time="0.016" errors="0" timestamp="2021-12-01T16:33:05 IST">
  <testcase classname="testNgGrouping.Grouping" name="test1" time="0.0">
    <ignored/>
  </testcase> <!-- test1 -->
  <testcase classname="testNgGrouping.Grouping" name="test4" time="0.0">
    <ignored/>
  </testcase> <!-- test4 -->
  <testcase classname="testNgGrouping.Grouping" name="test3" time="0.0">
    <ignored/>
  </testcase> <!-- test3 -->
  <testcase classname="testNgGrouping.Grouping" name="test2" time="0.0">
    <ignored/>
  </testcase> <!-- test2 -->
</testsuite>
